0 info it worked if it ends with ok
1 verbose cli [
1 verbose cli   '/data/node/node/bin/node',
1 verbose cli   '/data/node/node/bin/npm',
1 verbose cli   'run',
1 verbose cli   'production'
1 verbose cli ]
2 info using npm@6.13.4
3 info using node@v12.16.0
4 verbose run-script [ 'preproduction', 'production', 'postproduction' ]
5 info lifecycle kongadmin@0.14.9~preproduction: kongadmin@0.14.9
6 info lifecycle kongadmin@0.14.9~production: kongadmin@0.14.9
7 verbose lifecycle kongadmin@0.14.9~production: unsafe-perm in lifecycle true
8 verbose lifecycle kongadmin@0.14.9~production: PATH: /data/node/node/lib/node_modules/npm/node_modules/npm-lifecycle/node-gyp-bin:/data/konga/konga/node_modules/.bin:/usr/local/sbin:/usr/local/bin:/usr/sbin:/usr/bin:/sbin:/bin:/data/node/node/bin:.:/data/node/node/bin:/data/node/node/global_node_modules/node_modules:.:/data/node/node/bin:/data/node/node/global_node_modules/node_modules/bin:.:/data/node/node/bin:/data/node/node/global_node_modules/node_modules/bin:.:/data/node/node/bin:/data/node/node/global_node_modules/bin:.
9 verbose lifecycle kongadmin@0.14.9~production: CWD: /data/konga/konga
10 silly lifecycle kongadmin@0.14.9~production: Args: [ '-c', 'node --harmony app.js --prod' ]
11 silly lifecycle kongadmin@0.14.9~production: Returned: code: 1  signal: null
12 info lifecycle kongadmin@0.14.9~production: Failed to exec production script
13 verbose stack Error: kongadmin@0.14.9 production: `node --harmony app.js --prod`
13 verbose stack Exit status 1
13 verbose stack     at EventEmitter.<anonymous> (/data/node/node/lib/node_modules/npm/node_modules/npm-lifecycle/index.js:332:16)
13 verbose stack     at EventEmitter.emit (events.js:321:20)
13 verbose stack     at ChildProcess.<anonymous> (/data/node/node/lib/node_modules/npm/node_modules/npm-lifecycle/lib/spawn.js:55:14)
13 verbose stack     at ChildProcess.emit (events.js:321:20)
13 verbose stack     at maybeClose (internal/child_process.js:1021:16)
13 verbose stack     at Process.ChildProcess._handle.onexit (internal/child_process.js:286:5)
14 verbose pkgid kongadmin@0.14.9
15 verbose cwd /data/konga/konga
16 verbose Linux 4.19.76-linuxkit
17 verbose argv "/data/node/node/bin/node" "/data/node/node/bin/npm" "run" "production"
18 verbose node v12.16.0
19 verbose npm  v6.13.4
20 error code ELIFECYCLE
21 error errno 1
22 error kongadmin@0.14.9 production: `node --harmony app.js --prod`
22 error Exit status 1
23 error Failed at the kongadmin@0.14.9 production script.
23 error This is probably not a problem with npm. There is likely additional logging output above.
24 verbose exit [ 1, true ]
