0 info it worked if it ends with ok
1 verbose cli [ '/data/node/node/bin/node', '/data/node/node/bin/npm', 'run', 'dev' ]
2 info using npm@6.13.4
3 info using node@v12.16.0
4 verbose stack Error: missing script: dev
4 verbose stack     at run (/data/node/node/lib/node_modules/npm/lib/run-script.js:155:19)
4 verbose stack     at /data/node/node/lib/node_modules/npm/lib/run-script.js:63:5
4 verbose stack     at /data/node/node/lib/node_modules/npm/node_modules/read-package-json/read-json.js:116:5
4 verbose stack     at /data/node/node/lib/node_modules/npm/node_modules/read-package-json/read-json.js:436:5
4 verbose stack     at checkBinReferences_ (/data/node/node/lib/node_modules/npm/node_modules/read-package-json/read-json.js:391:45)
4 verbose stack     at final (/data/node/node/lib/node_modules/npm/node_modules/read-package-json/read-json.js:434:3)
4 verbose stack     at then (/data/node/node/lib/node_modules/npm/node_modules/read-package-json/read-json.js:161:5)
4 verbose stack     at /data/node/node/lib/node_modules/npm/node_modules/read-package-json/read-json.js:382:12
4 verbose stack     at /data/node/node/lib/node_modules/npm/node_modules/graceful-fs/graceful-fs.js:115:16
4 verbose stack     at FSReqCallback.readFileAfterClose [as oncomplete] (internal/fs/read_file_context.js:63:3)
5 verbose cwd /data/konga/konga
6 verbose Linux 4.19.76-linuxkit
7 verbose argv "/data/node/node/bin/node" "/data/node/node/bin/npm" "run" "dev"
8 verbose node v12.16.0
9 verbose npm  v6.13.4
10 error missing script: dev
11 verbose exit [ 1, true ]
